c:\users\edwajohn\projects\p658-dist\visualstudio\glfw3\debug\glfw3.pdb
c:\users\edwajohn\projects\p658-dist\visualstudio\glfw3\debug\glfw3.idb
c:\users\edwajohn\projects\p658-dist\visualstudio\glfw3\debug\context.obj
c:\users\edwajohn\projects\p658-dist\visualstudio\glfw3\debug\egl_context.obj
c:\users\edwajohn\projects\p658-dist\visualstudio\glfw3\debug\init.obj
c:\users\edwajohn\projects\p658-dist\visualstudio\glfw3\debug\input.obj
c:\users\edwajohn\projects\p658-dist\visualstudio\glfw3\debug\monitor.obj
c:\users\edwajohn\projects\p658-dist\visualstudio\glfw3\debug\vulkan.obj
c:\users\edwajohn\projects\p658-dist\visualstudio\glfw3\debug\wgl_context.obj
c:\users\edwajohn\projects\p658-dist\visualstudio\glfw3\debug\win32_init.obj
c:\users\edwajohn\projects\p658-dist\visualstudio\glfw3\debug\win32_joystick.obj
c:\users\edwajohn\projects\p658-dist\visualstudio\glfw3\debug\win32_monitor.obj
c:\users\edwajohn\projects\p658-dist\visualstudio\glfw3\debug\win32_time.obj
c:\users\edwajohn\projects\p658-dist\visualstudio\glfw3\debug\win32_tls.obj
c:\users\edwajohn\projects\p658-dist\visualstudio\glfw3\debug\win32_window.obj
c:\users\edwajohn\projects\p658-dist\visualstudio\glfw3\debug\window.obj
c:\users\edwajohn\projects\p658-dist\visualstudio\debug\glfw3.lib
c:\users\edwajohn\projects\p658-dist\visualstudio\debug\glfw3.pdb
c:\users\edwajohn\projects\p658-dist\visualstudio\glfw3\debug\glfw3.tlog\cl.command.1.tlog
c:\users\edwajohn\projects\p658-dist\visualstudio\glfw3\debug\glfw3.tlog\cl.read.1.tlog
c:\users\edwajohn\projects\p658-dist\visualstudio\glfw3\debug\glfw3.tlog\cl.write.1.tlog
c:\users\edwajohn\projects\p658-dist\visualstudio\glfw3\debug\glfw3.tlog\lib-link.read.1.tlog
c:\users\edwajohn\projects\p658-dist\visualstudio\glfw3\debug\glfw3.tlog\lib-link.write.1.tlog
c:\users\edwajohn\projects\p658-dist\visualstudio\glfw3\debug\glfw3.tlog\lib.command.1.tlog
