Determining if the pthread_create exist failed with the following output:
Change Dir: /home/kalenpw/Documents/School/2017Spring/CS3385/p658/release/CMakeFiles/CMakeTmp

Run Build Command:"/usr/bin/make" "cmTC_956b2/fast"
/usr/bin/make -f CMakeFiles/cmTC_956b2.dir/build.make CMakeFiles/cmTC_956b2.dir/build
make[1]: Entering directory '/home/kalenpw/Documents/School/2017Spring/CS3385/p658/release/CMakeFiles/CMakeTmp'
Building C object CMakeFiles/cmTC_956b2.dir/CheckSymbolExists.c.o
/usr/bin/cc     -o CMakeFiles/cmTC_956b2.dir/CheckSymbolExists.c.o   -c /home/kalenpw/Documents/School/2017Spring/CS3385/p658/release/CMakeFiles/CMakeTmp/CheckSymbolExists.c
Linking C executable cmTC_956b2
/usr/bin/cmake -E cmake_link_script CMakeFiles/cmTC_956b2.dir/link.txt --verbose=1
/usr/bin/cc       CMakeFiles/cmTC_956b2.dir/CheckSymbolExists.c.o  -o cmTC_956b2 -rdynamic 
CMakeFiles/cmTC_956b2.dir/CheckSymbolExists.c.o: In function `main':
CheckSymbolExists.c:(.text+0x16): undefined reference to `pthread_create'
collect2: error: ld returned 1 exit status
CMakeFiles/cmTC_956b2.dir/build.make:97: recipe for target 'cmTC_956b2' failed
make[1]: *** [cmTC_956b2] Error 1
make[1]: Leaving directory '/home/kalenpw/Documents/School/2017Spring/CS3385/p658/release/CMakeFiles/CMakeTmp'
Makefile:126: recipe for target 'cmTC_956b2/fast' failed
make: *** [cmTC_956b2/fast] Error 2

File /home/kalenpw/Documents/School/2017Spring/CS3385/p658/release/CMakeFiles/CMakeTmp/CheckSymbolExists.c:
/* */
#include <pthread.h>

int main(int argc, char** argv)
{
  (void)argv;
#ifndef pthread_create
  return ((int*)(&pthread_create))[argc];
#else
  (void)argc;
  return 0;
#endif
}

Determining if the function pthread_create exists in the pthreads failed with the following output:
Change Dir: /home/kalenpw/Documents/School/2017Spring/CS3385/p658/release/CMakeFiles/CMakeTmp

Run Build Command:"/usr/bin/make" "cmTC_cbf41/fast"
/usr/bin/make -f CMakeFiles/cmTC_cbf41.dir/build.make CMakeFiles/cmTC_cbf41.dir/build
make[1]: Entering directory '/home/kalenpw/Documents/School/2017Spring/CS3385/p658/release/CMakeFiles/CMakeTmp'
Building C object CMakeFiles/cmTC_cbf41.dir/CheckFunctionExists.c.o
/usr/bin/cc    -DCHECK_FUNCTION_EXISTS=pthread_create   -o CMakeFiles/cmTC_cbf41.dir/CheckFunctionExists.c.o   -c /usr/share/cmake-3.5/Modules/CheckFunctionExists.c
Linking C executable cmTC_cbf41
/usr/bin/cmake -E cmake_link_script CMakeFiles/cmTC_cbf41.dir/link.txt --verbose=1
/usr/bin/cc   -DCHECK_FUNCTION_EXISTS=pthread_create    CMakeFiles/cmTC_cbf41.dir/CheckFunctionExists.c.o  -o cmTC_cbf41 -rdynamic -lpthreads 
/usr/bin/ld: cannot find -lpthreads
collect2: error: ld returned 1 exit status
CMakeFiles/cmTC_cbf41.dir/build.make:97: recipe for target 'cmTC_cbf41' failed
make[1]: *** [cmTC_cbf41] Error 1
make[1]: Leaving directory '/home/kalenpw/Documents/School/2017Spring/CS3385/p658/release/CMakeFiles/CMakeTmp'
Makefile:126: recipe for target 'cmTC_cbf41/fast' failed
make: *** [cmTC_cbf41/fast] Error 2


Determining if the pthread_create exist failed with the following output:
Change Dir: /media/kalenpw/HDD/Documents/School/2017Spring/CS3385/p658/release/CMakeFiles/CMakeTmp

Run Build Command:"/usr/bin/make" "cmTC_d8ce1/fast"
/usr/bin/make -f CMakeFiles/cmTC_d8ce1.dir/build.make CMakeFiles/cmTC_d8ce1.dir/build
make[1]: Entering directory '/media/kalenpw/HDD/Documents/School/2017Spring/CS3385/p658/release/CMakeFiles/CMakeTmp'
Building C object CMakeFiles/cmTC_d8ce1.dir/CheckSymbolExists.c.o
/usr/bin/cc     -o CMakeFiles/cmTC_d8ce1.dir/CheckSymbolExists.c.o   -c /media/kalenpw/HDD/Documents/School/2017Spring/CS3385/p658/release/CMakeFiles/CMakeTmp/CheckSymbolExists.c
Linking C executable cmTC_d8ce1
/usr/bin/cmake -E cmake_link_script CMakeFiles/cmTC_d8ce1.dir/link.txt --verbose=1
/usr/bin/cc       CMakeFiles/cmTC_d8ce1.dir/CheckSymbolExists.c.o  -o cmTC_d8ce1 -rdynamic 
CMakeFiles/cmTC_d8ce1.dir/CheckSymbolExists.c.o: In function `main':
CheckSymbolExists.c:(.text+0x16): undefined reference to `pthread_create'
collect2: error: ld returned 1 exit status
CMakeFiles/cmTC_d8ce1.dir/build.make:97: recipe for target 'cmTC_d8ce1' failed
make[1]: *** [cmTC_d8ce1] Error 1
make[1]: Leaving directory '/media/kalenpw/HDD/Documents/School/2017Spring/CS3385/p658/release/CMakeFiles/CMakeTmp'
Makefile:126: recipe for target 'cmTC_d8ce1/fast' failed
make: *** [cmTC_d8ce1/fast] Error 2

File /media/kalenpw/HDD/Documents/School/2017Spring/CS3385/p658/release/CMakeFiles/CMakeTmp/CheckSymbolExists.c:
/* */
#include <pthread.h>

int main(int argc, char** argv)
{
  (void)argv;
#ifndef pthread_create
  return ((int*)(&pthread_create))[argc];
#else
  (void)argc;
  return 0;
#endif
}

Determining if the function pthread_create exists in the pthreads failed with the following output:
Change Dir: /media/kalenpw/HDD/Documents/School/2017Spring/CS3385/p658/release/CMakeFiles/CMakeTmp

Run Build Command:"/usr/bin/make" "cmTC_264e5/fast"
/usr/bin/make -f CMakeFiles/cmTC_264e5.dir/build.make CMakeFiles/cmTC_264e5.dir/build
make[1]: Entering directory '/media/kalenpw/HDD/Documents/School/2017Spring/CS3385/p658/release/CMakeFiles/CMakeTmp'
Building C object CMakeFiles/cmTC_264e5.dir/CheckFunctionExists.c.o
/usr/bin/cc    -DCHECK_FUNCTION_EXISTS=pthread_create   -o CMakeFiles/cmTC_264e5.dir/CheckFunctionExists.c.o   -c /usr/share/cmake-3.5/Modules/CheckFunctionExists.c
Linking C executable cmTC_264e5
/usr/bin/cmake -E cmake_link_script CMakeFiles/cmTC_264e5.dir/link.txt --verbose=1
/usr/bin/cc   -DCHECK_FUNCTION_EXISTS=pthread_create    CMakeFiles/cmTC_264e5.dir/CheckFunctionExists.c.o  -o cmTC_264e5 -rdynamic -lpthreads 
/usr/bin/ld: cannot find -lpthreads
collect2: error: ld returned 1 exit status
CMakeFiles/cmTC_264e5.dir/build.make:97: recipe for target 'cmTC_264e5' failed
make[1]: *** [cmTC_264e5] Error 1
make[1]: Leaving directory '/media/kalenpw/HDD/Documents/School/2017Spring/CS3385/p658/release/CMakeFiles/CMakeTmp'
Makefile:126: recipe for target 'cmTC_264e5/fast' failed
make: *** [cmTC_264e5/fast] Error 2


